<?xml version="1.0" encoding="UTF-8"?>
<!-- Generated by org.testng.reporters.JUnitXMLReporter -->
<testsuite ignored="0" hostname="Shazias-MacBook-Pro.local" failures="0" tests="8" name="Default test" time="81.951" errors="0" timestamp="2022-07-28T00:25:17 PKT">
  <testcase classname="AmazonTest.AmazonAssessment" name="naviagateMainmenu" time="4.409"/>
  <testcase classname="AmazonTest.AmazonAssessment" name="televisonsClick" time="10.003"/>
  <testcase classname="AmazonTest.AmazonAssessment" name="sortBrandSamsung" time="8.557"/>
  <testcase classname="AmazonTest.AmazonAssessment" name="sortByPriceHightoLow" time="5.957"/>
  <testcase classname="AmazonTest.AmazonAssessment" name="clickSecondHighestPrice" time="8.222"/>
  <testcase classname="AmazonTest.AmazonAssessment" name="switchingTab" time="8.097"/>
  <testcase classname="AmazonTest.AmazonAssessment" name="aboutThisItem" time="8.334"/>
  <testcase classname="AmazonTest.AmazonAssessment" name="logSectionText" time="6.837"/>
</testsuite> <!-- Default test -->
