<?xml version="1.0" encoding="UTF-8"?>
<testng-results ignored="0" total="8" passed="8" failed="0" skipped="0">
  <reporter-output>
  </reporter-output>
  <suite started-at="2022-07-28T00:23:56 PKT" name="Default suite" finished-at="2022-07-28T00:25:17 PKT" duration-ms="81951">
    <groups>
    </groups>
    <test started-at="2022-07-28T00:23:56 PKT" name="Default test" finished-at="2022-07-28T00:25:17 PKT" duration-ms="81951">
      <class name="AmazonTest.AmazonAssessment">
        <test-method is-config="true" signature="setUpTest()[pri:0, instance:AmazonTest.AmazonAssessment@5a56cdac]" started-at="2022-07-28T00:23:56 PKT" name="setUpTest" finished-at="2022-07-28T00:24:17 PKT" duration-ms="21458" status="PASS">
          <reporter-output>
          </reporter-output>
        </test-method> <!-- setUpTest -->
        <test-method signature="naviagateMainmenu()[pri:1, instance:AmazonTest.AmazonAssessment@5a56cdac]" started-at="2022-07-28T00:24:17 PKT" name="naviagateMainmenu" finished-at="2022-07-28T00:24:21 PKT" duration-ms="4409" status="PASS">
          <reporter-output>
          </reporter-output>
        </test-method> <!-- naviagateMainmenu -->
        <test-method signature="televisonsClick()[pri:2, instance:AmazonTest.AmazonAssessment@5a56cdac]" started-at="2022-07-28T00:24:21 PKT" name="televisonsClick" finished-at="2022-07-28T00:24:31 PKT" duration-ms="10003" status="PASS">
          <reporter-output>
          </reporter-output>
        </test-method> <!-- televisonsClick -->
        <test-method signature="sortBrandSamsung()[pri:3, instance:AmazonTest.AmazonAssessment@5a56cdac]" started-at="2022-07-28T00:24:31 PKT" name="sortBrandSamsung" finished-at="2022-07-28T00:24:40 PKT" duration-ms="8557" status="PASS">
          <reporter-output>
          </reporter-output>
        </test-method> <!-- sortBrandSamsung -->
        <test-method signature="sortByPriceHightoLow()[pri:4, instance:AmazonTest.AmazonAssessment@5a56cdac]" started-at="2022-07-28T00:24:40 PKT" name="sortByPriceHightoLow" finished-at="2022-07-28T00:24:46 PKT" duration-ms="5957" status="PASS">
          <reporter-output>
          </reporter-output>
        </test-method> <!-- sortByPriceHightoLow -->
        <test-method signature="clickSecondHighestPrice()[pri:5, instance:AmazonTest.AmazonAssessment@5a56cdac]" started-at="2022-07-28T00:24:46 PKT" name="clickSecondHighestPrice" finished-at="2022-07-28T00:24:54 PKT" duration-ms="8222" status="PASS">
          <reporter-output>
          </reporter-output>
        </test-method> <!-- clickSecondHighestPrice -->
        <test-method signature="switchingTab()[pri:6, instance:AmazonTest.AmazonAssessment@5a56cdac]" started-at="2022-07-28T00:24:54 PKT" name="switchingTab" finished-at="2022-07-28T00:25:02 PKT" duration-ms="8097" status="PASS">
          <reporter-output>
          </reporter-output>
        </test-method> <!-- switchingTab -->
        <test-method signature="aboutThisItem()[pri:7, instance:AmazonTest.AmazonAssessment@5a56cdac]" started-at="2022-07-28T00:25:02 PKT" name="aboutThisItem" finished-at="2022-07-28T00:25:11 PKT" duration-ms="8334" status="PASS">
          <reporter-output>
          </reporter-output>
        </test-method> <!-- aboutThisItem -->
        <test-method signature="logSectionText()[pri:8, instance:AmazonTest.AmazonAssessment@5a56cdac]" started-at="2022-07-28T00:25:11 PKT" name="logSectionText" finished-at="2022-07-28T00:25:17 PKT" duration-ms="6837" status="PASS">
          <reporter-output>
          </reporter-output>
        </test-method> <!-- logSectionText -->
      </class> <!-- AmazonTest.AmazonAssessment -->
    </test> <!-- Default test -->
  </suite> <!-- Default suite -->
</testng-results>
